<?xml version="1.0" encoding="UTF-8"?>
<!-- Generated by org.testng.reporters.JUnitReportReporter -->
<testsuite hostname="DESKTOP-M28DOOS" name="demo1.Login_Test" tests="1" failures="0" timestamp="14 Oct 2019 14:19:22 GMT" time="12.332" errors="0">
  <testcase name="f" time="12.332" classname="demo1.Login_Test"/>
</testsuite> <!-- demo1.Login_Test -->
